<?xml version="1.0" encoding="UTF-8"?>
<testng-results skipped="0" failed="0" total="2" passed="2">
  <reporter-output>
  </reporter-output>
  <suite name="Suite" duration-ms="14930" started-at="2017-06-23T21:47:00Z" finished-at="2017-06-23T21:47:15Z">
    <groups>
    </groups>
    <test name="Test" duration-ms="14930" started-at="2017-06-23T21:47:00Z" finished-at="2017-06-23T21:47:15Z">
      <class name="tests.TestRunner">
        <test-method status="PASS" signature="beforeClass()[pri:0, instance:tests.TestRunner@197c004]" name="beforeClass" is-config="true" duration-ms="10129" started-at="2017-06-23T22:47:00Z" finished-at="2017-06-23T22:47:10Z">
          <reporter-output>
          </reporter-output>
        </test-method> <!-- beforeClass -->
        <test-method status="PASS" signature="verifyLoginQA()[pri:0, instance:tests.TestRunner@197c004]" name="verifyLoginQA" duration-ms="3575" started-at="2017-06-23T22:47:10Z" finished-at="2017-06-23T22:47:14Z">
          <reporter-output>
          </reporter-output>
        </test-method> <!-- verifyLoginQA -->
        <test-method status="PASS" signature="doLogout()[pri:0, instance:tests.TestRunner@197c004]" name="doLogout" duration-ms="1103" started-at="2017-06-23T22:47:14Z" finished-at="2017-06-23T22:47:15Z">
          <reporter-output>
          </reporter-output>
        </test-method> <!-- doLogout -->
        <test-method status="PASS" signature="afterClass()[pri:0, instance:tests.TestRunner@197c004]" name="afterClass" is-config="true" duration-ms="99" started-at="2017-06-23T22:47:15Z" finished-at="2017-06-23T22:47:15Z">
          <reporter-output>
          </reporter-output>
        </test-method> <!-- afterClass -->
      </class> <!-- tests.TestRunner -->
    </test> <!-- Test -->
  </suite> <!-- Suite -->
</testng-results>
